<?xml version="1.0" encoding="UTF-8"?>
<!-- Generated by org.testng.reporters.JUnitReportReporter -->
<testsuite skipped="0" hostname="CDC2-D-4V8RX52" name="Casestudy01.TestMeAppDDT" tests="4" failures="0" timestamp="23 Apr 2019 06:46:48 GMT" time="36.258" errors="0">
  <testcase name="testMeAppLogin" time="8.602" classname="Casestudy01.TestMeAppDDT"/>
  <testcase name="testMeAppLogin" time="11.996" classname="Casestudy01.TestMeAppDDT"/>
  <testcase name="testMeAppLogin" time="7.778" classname="Casestudy01.TestMeAppDDT"/>
  <testcase name="testMeAppLogin" time="7.882" classname="Casestudy01.TestMeAppDDT"/>
</testsuite> <!-- Casestudy01.TestMeAppDDT -->
