<?xml version="1.0" encoding="UTF-8"?>
<!-- Generated by org.testng.reporters.JUnitReportReporter -->
<testsuite skipped="0" hostname="CDC2-D-4V8RX52" name="Casestudy01.cs_01" tests="4" failures="0" timestamp="25 Apr 2019 06:19:13 GMT" time="12.694" errors="0">
  <testcase name="testLogin" time="4.880" classname="Casestudy01.cs_01"/>
  <testcase name="testCart1" time="0.719" classname="Casestudy01.cs_01"/>
  <testcase name="checkHandbag" time="1.456" classname="Casestudy01.cs_01"/>
  <testcase name="testPayment" time="5.639" classname="Casestudy01.cs_01"/>
</testsuite> <!-- Casestudy01.cs_01 -->
